2024-12-31 17:20:26,609 - INFO - Successfully retrieved cookies from Chrome path: ~/Library/Application Support/Google/Chrome/Profile 2/Cookies
2024-12-31 17:20:31,678 - INFO - Successfully extracted fb_dtsg token
2024-12-31 17:20:31,679 - INFO - Successfully extracted LSD token
2024-12-31 17:20:31,826 - INFO - Saved debug info to data/debug/session_init_20241231_172031_20241231_172031.json
2024-12-31 17:20:31,826 - INFO - Session initialized successfully with authentication
2024-12-31 17:20:34,550 - INFO - Saved raw response to data/raw/page_ads_165991287137890_page_0_20241231_172034.txt
2024-12-31 17:20:34,560 - INFO - Saved debug info to data/debug/response_debug_165991287137890_page_0_20241231_172034.json
2024-12-31 17:20:34,561 - WARNING - Unexpected ads_data structure: {}
2024-12-31 17:20:34,561 - WARNING - No ads were collected
2024-12-31 17:20:34,561 - INFO - Successfully scraped 0 ads for page ID: 165991287137890
2024-12-31 17:31:59,286 - ERROR - Error searching pages: 404 Client Error: Not Found for url: https://www.facebook.com/ads/library/async/search_pages/?q=BMW&session_id=1735662719_5798&count=10&active_status=all&ad_type=all&countries%5B0%5D=ALL&view_all_page_id=&media_type=all&search_type=page_name
2024-12-31 17:36:22,038 - INFO - Saved raw response to data/page_search_BMW_20241231_173622.txt
2024-12-31 17:36:22,038 - ERROR - Failed to parse page search response
2024-12-31 17:37:53,148 - INFO - Saved raw response to data/page_search_BMW_20241231_173753.txt
2024-12-31 17:37:53,148 - INFO - Found 0 pages for query: BMW
2024-12-31 17:40:16,506 - INFO - Saved raw response to data/page_search_BMW_20241231_174016.txt
2024-12-31 17:40:16,506 - INFO - Found 0 pages for query: BMW
2024-12-31 17:40:27,699 - INFO - Saved raw response to data/page_search_BMW_20241231_174027.txt
2024-12-31 17:40:27,699 - INFO - Found 0 pages for query: BMW
2024-12-31 17:42:19,399 - INFO - Saved raw response to data/page_search_BMW_20241231_174219.txt
2024-12-31 17:42:19,399 - INFO - Found 15 pages for query: BMW
2024-12-31 17:44:03,298 - INFO - Saved raw response to data/page_ads_309506851302_20241231_174403.txt
2024-12-31 17:44:03,299 - INFO - Found 0 ads for page ID: 309506851302
2024-12-31 17:44:41,546 - INFO - Saved raw response to data/page_ads_309506851302_20241231_174441.txt
2024-12-31 17:44:41,547 - INFO - Found 0 ads for page ID: 309506851302
2024-12-31 17:49:01,522 - INFO - Saved raw response to data/page_ads_309506851302_20241231_174901.txt
2024-12-31 17:49:01,524 - INFO - Found 0 ads for page ID: 309506851302
2024-12-31 17:51:11,531 - INFO - Saved raw response to data/page_ads_309506851302_20241231_175111.txt
2024-12-31 17:51:11,533 - INFO - Found 0 unique ads (ad_archive_ids) for page ID: 309506851302
2024-12-31 17:53:06,012 - INFO - Saved raw response to data/page_ads_309506851302_20241231_175306.txt
2024-12-31 17:53:06,016 - INFO - Found 0 unique ads (ad_archive_ids) for page ID: 309506851302
2024-12-31 17:55:09,157 - INFO - Saved raw response to data/page_ads_309506851302_20241231_175509.txt
2024-12-31 17:55:09,159 - INFO - Found 0 unique ads (ad_archive_ids) for page ID: 309506851302
2024-12-31 17:55:41,142 - INFO - Saved raw response to data/page_ads_309506851302_20241231_175541.txt
2024-12-31 17:55:41,144 - INFO - Found 0 unique ads (ad_archive_ids) for page ID: 309506851302
2024-12-31 17:57:53,613 - INFO - Saved raw response to data/page_ads_309506851302_20241231_175753.txt
2024-12-31 17:57:53,616 - INFO - Found 30 unique ads (ad_archive_ids) for page ID: 309506851302
2024-12-31 17:59:12,153 - INFO - Saved raw response to data/page_search_Snocks_20241231_175912.txt
2024-12-31 17:59:12,154 - INFO - Found 13 pages for query: Snocks
2024-12-31 17:59:29,928 - INFO - Saved raw response to data/page_ads_109806077081081_20241231_175929.txt
2024-12-31 17:59:29,931 - INFO - Found 30 unique ads (ad_archive_ids) for page ID: 109806077081081
2024-12-31 18:01:08,280 - INFO - Saved raw response to data/page_ads_109806077081081_20241231_180108.txt
2024-12-31 18:01:08,283 - INFO - Found 30 unique ads (ad_archive_ids) for page ID: 109806077081081
2024-12-31 18:17:24,910 - INFO - Found fb_dtsg token: NAcMmKDVPH7PWzdBRENCwUgrf95R0E7nELZZFoYzdLx26behfv27X6g:16:1699733852
2024-12-31 18:17:24,910 - INFO - Found client revision: 1019106461
2024-12-31 18:17:24,911 - INFO - Found LSD token: t_1h0GB1OK0K-xbnNarfKw
2024-12-31 18:17:24,911 - INFO - Found haste session: 20088.HYP:comet_plat_default_pkg.2.1.0.2.1
2024-12-31 18:17:24,912 - INFO - Found spin_r: 1019106461
2024-12-31 18:17:24,912 - INFO - Found spin_b: trunk
2024-12-31 18:17:24,913 - ERROR - No doc_id available for page ads
2024-12-31 18:18:51,050 - INFO - Found fb_dtsg token: NAcN6TW_ECH2c8EXA4-iBBzAf-aByPNU9_SZrCsp4z4lBOyAuZsh9bA:16:1699733852
2024-12-31 18:18:51,051 - INFO - Found client revision: 1019106461
2024-12-31 18:18:51,051 - INFO - Found LSD token: iwPZ73InMXT8vybQIhYink
2024-12-31 18:18:51,051 - INFO - Found haste session: 20088.HYP:comet_plat_default_pkg.2.1.0.2.1
2024-12-31 18:18:51,052 - INFO - Found spin_r: 1019106461
2024-12-31 18:18:51,052 - INFO - Found spin_b: trunk
2024-12-31 18:18:51,285 - INFO - Saved raw response to data/page_ads_109806077081081_20241231_181851.txt
2024-12-31 18:18:51,285 - ERROR - Failed to parse page ads response
2024-12-31 18:19:47,038 - INFO - Found fb_dtsg token: NAcOsFdw99u6M5bzWJoyfuA3hgjCEifgM52luwK-Uug6Z7KnM0LQ0LQ:16:1699733852
2024-12-31 18:19:47,039 - INFO - Found client revision: 1019106461
2024-12-31 18:19:47,039 - INFO - Found LSD token: Db5-uEfj91prST0I9AtTA6
2024-12-31 18:19:47,040 - INFO - Found haste session: 20088.HYP:comet_plat_default_pkg.2.1.0.2.1
2024-12-31 18:19:47,040 - INFO - Found spin_r: 1019106461
2024-12-31 18:19:47,040 - INFO - Found spin_b: trunk
2024-12-31 18:19:47,195 - INFO - Saved raw response to data/page_ads_109806077081081_20241231_181947.txt
2024-12-31 18:19:47,195 - INFO - Found 0 unique ads (ad_archive_ids) for page ID: 109806077081081
2024-12-31 18:20:41,581 - INFO - Found fb_dtsg token: NAcMpOEBNEiQ71OB1KIZLKadLl67hG_HiK-oAeaexM01jI8JUn9H5oQ:16:1699733852
2024-12-31 18:20:41,581 - INFO - Found client revision: 1019106461
2024-12-31 18:20:41,582 - INFO - Found LSD token: BUqcq-uIKBdtO0qRQ5YkMZ
2024-12-31 18:20:41,582 - INFO - Found haste session: 20088.HYP:comet_plat_default_pkg.2.1.0.2.1
2024-12-31 18:20:41,582 - INFO - Found spin_r: 1019106461
2024-12-31 18:20:41,583 - INFO - Found spin_b: trunk
2024-12-31 18:20:42,976 - INFO - Saved raw response to data/page_search_„Snocks“_20241231_182042.txt
2024-12-31 18:20:42,977 - INFO - Found 13 pages for query: „Snocks“
2024-12-31 18:21:01,036 - INFO - Found fb_dtsg token: NAcNzoIkz4nApFO20A7JSkDvZ4OU7WFi68Vkz1Knj6ci0KidQ7pHwNg:16:1699733852
2024-12-31 18:21:01,036 - INFO - Found client revision: 1019106461
2024-12-31 18:21:01,037 - INFO - Found LSD token: ckYw-nzDnioZK78hQNtLD2
2024-12-31 18:21:01,037 - INFO - Found haste session: 20088.HYP:comet_plat_default_pkg.2.1.0.2.1
2024-12-31 18:21:01,037 - INFO - Found spin_r: 1019106461
2024-12-31 18:21:01,038 - INFO - Found spin_b: trunk
2024-12-31 18:21:01,187 - INFO - Saved raw response to data/page_ads_109806077081081_20241231_182101.txt
2024-12-31 18:21:01,187 - INFO - Found 0 unique ads (ad_archive_ids) for page ID: 109806077081081
2024-12-31 18:21:58,252 - INFO - Found fb_dtsg token: NAcNdIF4EajJ1pIzb5QOEEkYG5w2olcQ1Q4ykj1qx20KbCyHN6Am6kQ:16:1699733852
2024-12-31 18:21:58,253 - INFO - Found client revision: 1019106461
2024-12-31 18:21:58,253 - INFO - Found LSD token: 0PLMa4FA03hpjBo_weK5Rl
2024-12-31 18:21:58,254 - INFO - Found haste session: 20088.HYP:comet_plat_default_pkg.2.1.0.2.1
2024-12-31 18:21:58,254 - INFO - Found spin_r: 1019106461
2024-12-31 18:21:58,254 - INFO - Found spin_b: trunk
2024-12-31 18:21:58,850 - INFO - Saved raw response to data/page_ads_109806077081081_20241231_182158.txt
2024-12-31 18:21:58,853 - INFO - Found 30 unique ads (ad_archive_ids) for page ID: 109806077081081
2024-12-31 18:26:13,242 - INFO - Found fb_dtsg token: NAcMuTlW-CKweyxznnbKZ8d73a2nAdCW2Y3ShU0I_J3fhsgtxMl29cg:16:1699733852
2024-12-31 18:26:13,242 - INFO - Found client revision: 1019106461
2024-12-31 18:26:13,243 - INFO - Found LSD token: T96TYSLUk879jCPG6VWsIC
2024-12-31 18:26:13,243 - INFO - Found haste session: 20088.HYP:comet_plat_default_pkg.2.1.0.2.1
2024-12-31 18:26:13,243 - INFO - Found spin_r: 1019106461
2024-12-31 18:26:13,244 - INFO - Found spin_b: trunk
2024-12-31 18:26:13,879 - INFO - Saved raw response to data/page_ads_109806077081081_20241231_182613.txt
2024-12-31 18:26:13,881 - INFO - Found 30 unique ads (ad_archive_ids) for page ID: 109806077081081
